START_TS=2026-03-16T17:10:07Z
event=batch_committed rows=10000 total_rows=10000 batches=1 cursor_ts=2026-03-08T14:04:11.816754251+00:00 cursor_slot=405048252 cursor_signature=4vxcxahSs4q62HHe9tV5Wur36SXB3jY9PBHJag7SbUwST3a4iMrJwDAwvceDJs1fUARyzQYitE9x3hs22nGj5uBP
event=batch_committed rows=10000 total_rows=20000 batches=2 cursor_ts=2026-03-08T14:05:05.618128564+00:00 cursor_slot=405048390 cursor_signature=49BRaCyd3JaB9RMspb1e316sGdvwQ6u9X6SPYpwxQqyNs8xztTYVM3QYzH9WndvZwK8eksWuGvSsjgND5mXSahkn
event=batch_committed rows=10000 total_rows=30000 batches=3 cursor_ts=2026-03-08T14:05:57.349543328+00:00 cursor_slot=405048522 cursor_signature=43r99fdqAqbDn9jRk4zixYUvC5kdb2vCknPB8dhVtA5z7JsxFhxQ7zFdswJzdegXySLqz22TrDGpyHTHLW4npsKV
event=batch_committed rows=10000 total_rows=40000 batches=4 cursor_ts=2026-03-08T14:06:48.166822517+00:00 cursor_slot=405048648 cursor_signature=Mia4yEKHTC6Mkac24iUXrbm3GcNzW8pHHNgzzPpDPycSqZ54cLde4ZKq5smgEBQebzd57GHxGvSB1ewmfFZVdFt
event=batch_committed rows=10000 total_rows=50000 batches=5 cursor_ts=2026-03-08T14:07:33.348731325+00:00 cursor_slot=405048763 cursor_signature=T6mLEfwRVjNAM51qKSciKy4eW1waPTr8BNKQutk4R7Q8b1mcUcYVWRECzZY58iBdeiHfTgdZvgohpAPJ4DTbfm4
event=batch_committed rows=10000 total_rows=60000 batches=6 cursor_ts=2026-03-08T14:08:15.269316038+00:00 cursor_slot=405048870 cursor_signature=taVo9eWYvGwsNtLQeRpNLtAqP6YBsp8fwTxvSTC5rtoSPtSrqsv2zs3SKL3LXM9C4JcdPiahvWe5weM6FfhLM9q
event=batch_committed rows=10000 total_rows=70000 batches=7 cursor_ts=2026-03-08T14:08:58.390089527+00:00 cursor_slot=405048977 cursor_signature=U7xY9JJHwMcgPbPWsKbH2a28RMgfJD9nDJQ8nqZNK49n1LJqFzn9dvr5zDXQHjzgnN3gighz8hevZP2N5NMqMkY
event=batch_committed rows=10000 total_rows=80000 batches=8 cursor_ts=2026-03-08T14:09:51.744256186+00:00 cursor_slot=405049115 cursor_signature=2dJ4dxYAbF3n3kWi2cLhgaJhXFFEphf7tzogW2zuhT9Ku9dJ1NhVSv2dTdBf9147RTu2wC2Jz3CzevthzF4TwkcT
event=batch_committed rows=10000 total_rows=90000 batches=9 cursor_ts=2026-03-08T14:10:46.408942376+00:00 cursor_slot=405049252 cursor_signature=5f24sXQvq8SAyMBLoFXtFnrcA3R1Xhd6AKo8PwGZ3eTMbijGnxFJNiPq2zTLLH26N6Z5dottkTsp3Mpju4EbfRfc
event=batch_committed rows=10000 total_rows=100000 batches=10 cursor_ts=2026-03-08T14:12:42.263564919+00:00 cursor_slot=405049548 cursor_signature=2brLP4r37eqMpxMepTih2ja7mFancYgtk41j8BAPzZk1uuihxWzjACdvJ9DGkGSSpvGoHT9BYDR7fr3c8CiembKV
event=batch_committed rows=10000 total_rows=110000 batches=11 cursor_ts=2026-03-08T14:13:42.054941602+00:00 cursor_slot=405049700 cursor_signature=4xfkZe2RUjNJy6FVcj2C8DEhyRqDipomWzv6r96VKL4V1W1LNFrd2j8DneKRTnnJpbfa2WGNSpmGMk1fJ9FgXH2h
event=batch_committed rows=10000 total_rows=120000 batches=12 cursor_ts=2026-03-08T14:14:41.595378177+00:00 cursor_slot=405049852 cursor_signature=2Yb6s4EUu6dr4y8oEUHURUQWERYWKKAt2r6pDwgCBSDfBLYLuyEn5QVPBKDcpjM8PfwopQBVGADfqtXTktBFbPFQ
event=batch_committed rows=10000 total_rows=130000 batches=13 cursor_ts=2026-03-08T14:15:38.358056577+00:00 cursor_slot=405049997 cursor_signature=5481z2phcjyPC79FkSnLxgUNJeSi5yoCH6QGaPK5BtPFfLK2TZVv8sUetSdHjRVnZPJpkM2jPEo5oUhiZuB6qrPQ
event=batch_committed rows=10000 total_rows=140000 batches=14 cursor_ts=2026-03-08T14:16:33.805355929+00:00 cursor_slot=405050136 cursor_signature=4ESA2MTSBj1zzjdZPtYa3hW4UzZXHkw1GUzxc2YtwNomara6YAo4agzUNE4f3oxzXnwNBmRuWBrDy3zNU31cQWKX
event=batch_committed rows=10000 total_rows=150000 batches=15 cursor_ts=2026-03-08T14:17:30.336793179+00:00 cursor_slot=405050280 cursor_signature=qurccgfguvRQapqVKExUj28H6begcSA3mb5zY7JgkbuNaUBJdgNFkBZD9AasRyKXriuVNKxCiWHpj9KRtta7Jgk
event=batch_committed rows=10000 total_rows=160000 batches=16 cursor_ts=2026-03-08T14:18:25.671446750+00:00 cursor_slot=405050421 cursor_signature=4WHUDJwtWyBS1KbpUXFJgvsSuzQx5Ezvt9GqnTEgs4JfesCRURiGd2UVzyE5L9uNVxkwhk8r4uM3QZfothypHpiq
event=batch_committed rows=10000 total_rows=170000 batches=17 cursor_ts=2026-03-08T14:19:23.139774258+00:00 cursor_slot=405050565 cursor_signature=649pLxVqN6WxSnkHPjyRjGrm18VoaA25CJnZxDUE5ZS9p7o24UVQVzd7HFGbPuAWrxpwqxSMDJkK1kHJjrZ6tAFC
event=batch_committed rows=10000 total_rows=180000 batches=18 cursor_ts=2026-03-08T14:20:20.024955798+00:00 cursor_slot=405050710 cursor_signature=3ynNvCnmrg5pz9T2FHkbJ261U3SQwMUJ6cD2xrTZ4AHysrLUFb72LdKP5zkx8B69sMp7s5w8P8RciRW5Yqyr6XsY
event=batch_committed rows=10000 total_rows=190000 batches=19 cursor_ts=2026-03-08T14:21:16.974890403+00:00 cursor_slot=405050857 cursor_signature=bE4aXyJSJcBxJ9y6tERcNAaRzeNyttzwhnMKGZzUxidC9t43JFZKg6NTqAzYTCKT2uoD8bwhzcxcWQV6rfBTadF
event=batch_committed rows=10000 total_rows=200000 batches=20 cursor_ts=2026-03-08T14:22:07.942744744+00:00 cursor_slot=405050989 cursor_signature=26vdzibhQLEA2wpRir8WJYuNMdtGr3Mdwt5hpLytZaH5ZP3XKkCzdBuVo5YyoZWVtEwNUacYgy3fdaPDKP82RR9b
event=batch_committed rows=10000 total_rows=210000 batches=21 cursor_ts=2026-03-08T14:23:00.155453818+00:00 cursor_slot=405051116 cursor_signature=67ZtuUwFz3RMdYyR1dQupkRbSpTtUSWQUyigFg5f7RmnD9AFvMu4GjhytShVPYaNVZauuQXXJdxCDVY5ca6inS5f
event=batch_committed rows=10000 total_rows=220000 batches=22 cursor_ts=2026-03-08T14:23:55.523070755+00:00 cursor_slot=405051255 cursor_signature=3EbrqDYskdmmtXbcVsHVTJY2p8u5oTz38w3RNvQJ6KSPQBvtDp8bMHwwBYEg3eTgdr3HWvcmt9VY1p9EcuXm2owo
event=batch_committed rows=10000 total_rows=230000 batches=23 cursor_ts=2026-03-08T14:24:48.452634335+00:00 cursor_slot=405051388 cursor_signature=3sEYRKfXiLE8kK5rhF55pdxvD2YZXB6fbnQq3xmKHLr4mAszuSfRV5jHfwgmTSXHJKa4tq8TxY8kTWQh9una6VTz
event=batch_committed rows=10000 total_rows=240000 batches=24 cursor_ts=2026-03-08T14:25:45.675378900+00:00 cursor_slot=405051535 cursor_signature=2HDKYcGh1kWhFrgBkDcFF4yKoxsSM9x3pi43tj9kHTcE4mERuToGpKuDudBWDDCVP48xd5ugiccbowWLyf4uGwVe
event=batch_committed rows=10000 total_rows=250000 batches=25 cursor_ts=2026-03-08T14:26:42.835052001+00:00 cursor_slot=405051681 cursor_signature=5WnsPtx7jJeRij9nHDjVTrM2m7cFs7UPo9FA4X4ptmPecNKkyR78UUHsgWsTdMTHHW5CDNz7xRd5YUJnWYD85MLY
event=batch_committed rows=10000 total_rows=260000 batches=26 cursor_ts=2026-03-08T14:27:35.684593440+00:00 cursor_slot=405051815 cursor_signature=5Rcza3CVXtNs3k4VhGrmLKLMA449s8YUh9XXBXt2oLpQQvsxtsaEwuDNTwPnxg127jPYAxmzKQhRtk8W2wAn48cw
event=batch_committed rows=10000 total_rows=270000 batches=27 cursor_ts=2026-03-08T14:28:31.275955558+00:00 cursor_slot=405051959 cursor_signature=31qWVbYjhmPDzsMMKYTEF2vH3xyeNDHvF4ELr4vMN89wiAbi3EYQgh96BYiUFsPWF36XVc3f8KsggFPg1rJEa1dE
event=batch_committed rows=10000 total_rows=280000 batches=28 cursor_ts=2026-03-08T14:29:31.750693938+00:00 cursor_slot=405052112 cursor_signature=44gfMRFUP6EpY4KUrQM1nnRSWuWghBaz9NhzqH2WS39eTt4GTgqcMxiwRtEnKY5w19jYZbZt4s2sU7QCuFaenfKi
event=batch_committed rows=10000 total_rows=290000 batches=29 cursor_ts=2026-03-08T14:30:28.869694333+00:00 cursor_slot=405052259 cursor_signature=5XjNNPkjeTRePNwKGghgkcuiSJ2VjokeppVG7ugNeubVMFuirVwyjiNmiQWLC9KKBdQczKHDWtebYUXtrHXP3nyP
event=batch_committed rows=10000 total_rows=300000 batches=30 cursor_ts=2026-03-08T14:31:20.243478746+00:00 cursor_slot=405052391 cursor_signature=2PJeW9P2zGHp2BsxUyFJkSUQJf3Jhcaybm84mvjeavqkuCpeLDEjuBZEFpKdBL4JH9ppL4HzSsvJjtj9peCtu8YW
event=controlled_abort source=termination_signal
summary outcome=stopped_due_to_termination_signal stop_reason=stopped_due_to_termination_signal coverage_marked=false total_rows=300000 batches=30 final_cursor_ts=2026-03-08T14:31:20.243478746+00:00 final_cursor_slot=405052391 final_cursor_signature=2PJeW9P2zGHp2BsxUyFJkSUQJf3Jhcaybm84mvjeavqkuCpeLDEjuBZEFpKdBL4JH9ppL4HzSsvJjtj9peCtu8YW
Error: termination signal received; aborting backfill after durable checkpoint
real 1804.90
user 877.32
sys 664.42
EXIT_STATUS=1
END_TS=2026-03-16T17:40:12Z
